mode: atomic
github.com/thinkgos/gpool/gpool.go:53.30,54.17 1 9
github.com/thinkgos/gpool/gpool.go:60.2,70.27 4 9
github.com/thinkgos/gpool/gpool.go:72.2,73.10 2 9
github.com/thinkgos/gpool/gpool.go:54.17,56.3 1 6
github.com/thinkgos/gpool/gpool.go:56.8,56.30 1 3
github.com/thinkgos/gpool/gpool.go:56.30,58.3 1 1
github.com/thinkgos/gpool/gpool.go:70.27,70.77 1 11
github.com/thinkgos/gpool/gpool.go:76.29,80.6 3 9
github.com/thinkgos/gpool/gpool.go:80.6,81.10 1 9
github.com/thinkgos/gpool/gpool.go:82.17,87.51 5 0
github.com/thinkgos/gpool/gpool.go:94.4,95.37 2 0
github.com/thinkgos/gpool/gpool.go:98.4,99.27 2 0
github.com/thinkgos/gpool/gpool.go:100.26,102.55 2 9
github.com/thinkgos/gpool/gpool.go:105.4,107.10 3 9
github.com/thinkgos/gpool/gpool.go:87.51,88.78 1 0
github.com/thinkgos/gpool/gpool.go:91.5,92.38 2 0
github.com/thinkgos/gpool/gpool.go:88.78,89.11 1 0
github.com/thinkgos/gpool/gpool.go:95.37,97.5 1 0
github.com/thinkgos/gpool/gpool.go:102.55,104.5 1 4
github.com/thinkgos/gpool/gpool.go:112.45,114.2 1 1
github.com/thinkgos/gpool/gpool.go:117.29,119.2 1 7
github.com/thinkgos/gpool/gpool.go:122.30,125.22 3 6
github.com/thinkgos/gpool/gpool.go:128.2,129.12 2 6
github.com/thinkgos/gpool/gpool.go:125.22,127.3 1 5
github.com/thinkgos/gpool/gpool.go:133.30,135.2 1 20
github.com/thinkgos/gpool/gpool.go:138.29,140.2 1 4
github.com/thinkgos/gpool/gpool.go:143.33,144.45 1 10
github.com/thinkgos/gpool/gpool.go:148.2,149.25 2 9
github.com/thinkgos/gpool/gpool.go:153.2,154.12 2 9
github.com/thinkgos/gpool/gpool.go:144.45,146.3 1 1
github.com/thinkgos/gpool/gpool.go:149.25,152.3 2 9
github.com/thinkgos/gpool/gpool.go:158.61,161.14 2 19
github.com/thinkgos/gpool/gpool.go:165.2,165.45 1 18
github.com/thinkgos/gpool/gpool.go:169.2,170.45 2 17
github.com/thinkgos/gpool/gpool.go:175.2,176.37 2 17
github.com/thinkgos/gpool/gpool.go:183.2,183.21 1 13
github.com/thinkgos/gpool/gpool.go:190.2,190.6 1 2
github.com/thinkgos/gpool/gpool.go:197.2,199.12 3 2
github.com/thinkgos/gpool/gpool.go:161.14,163.3 1 1
github.com/thinkgos/gpool/gpool.go:165.45,167.3 1 1
github.com/thinkgos/gpool/gpool.go:170.45,173.3 2 0
github.com/thinkgos/gpool/gpool.go:176.37,181.3 4 4
github.com/thinkgos/gpool/gpool.go:183.21,188.3 4 11
github.com/thinkgos/gpool/gpool.go:190.6,192.38 2 2
github.com/thinkgos/gpool/gpool.go:192.38,194.9 2 2
github.com/thinkgos/gpool/gpool.go:203.39,204.45 1 16
github.com/thinkgos/gpool/gpool.go:208.2,210.25 3 11
github.com/thinkgos/gpool/gpool.go:214.2,217.12 4 10
github.com/thinkgos/gpool/gpool.go:204.45,206.3 1 5
github.com/thinkgos/gpool/gpool.go:210.25,213.3 2 1
github.com/thinkgos/gpool/gpool.go:220.31,222.12 2 11
github.com/thinkgos/gpool/gpool.go:222.12,223.16 1 11
github.com/thinkgos/gpool/gpool.go:231.3,231.7 1 11
github.com/thinkgos/gpool/gpool.go:223.16,226.62 3 11
github.com/thinkgos/gpool/gpool.go:226.62,228.5 1 1
github.com/thinkgos/gpool/gpool.go:231.7,233.35 2 17
github.com/thinkgos/gpool/gpool.go:236.4,236.37 1 10
github.com/thinkgos/gpool/gpool.go:233.35,235.5 1 6
github.com/thinkgos/gpool/gpool.go:236.37,238.5 1 4
github.com/thinkgos/gpool/work.go:28.32,29.62 1 4
github.com/thinkgos/gpool/work.go:32.2,32.12 1 2
github.com/thinkgos/gpool/work.go:29.62,31.3 1 2
github.com/thinkgos/gpool/work.go:36.32,37.62 1 0
github.com/thinkgos/gpool/work.go:40.2,40.12 1 0
github.com/thinkgos/gpool/work.go:37.62,39.3 1 0
github.com/thinkgos/gpool/work.go:50.22,55.2 4 9
github.com/thinkgos/gpool/work.go:59.26,61.2 1 5
github.com/thinkgos/gpool/work.go:64.30,65.19 1 28
github.com/thinkgos/gpool/work.go:68.2,68.20 1 8
github.com/thinkgos/gpool/work.go:65.19,67.3 1 20
github.com/thinkgos/gpool/work.go:72.29,73.19 1 0
github.com/thinkgos/gpool/work.go:76.2,76.20 1 0
github.com/thinkgos/gpool/work.go:73.19,75.3 1 0
github.com/thinkgos/gpool/work.go:80.45,89.2 8 10
github.com/thinkgos/gpool/work.go:92.41,100.2 7 6
github.com/thinkgos/gpool/work.go:104.41,105.20 1 6
github.com/thinkgos/gpool/work.go:110.2,110.13 1 6
github.com/thinkgos/gpool/work.go:105.20,109.3 1 6
github.com/thinkgos/gpool/work.go:114.44,116.2 1 0
github.com/thinkgos/gpool/work.go:119.43,121.2 1 10
